109
103
24
24
26
27
225
116
62
111
230
1972
508
1004
20
7
408
828
1058
1054
205
233
257
281
17
32
94
23
28
37
39
30
58
68
96
64
364
1092
364
1092
103
169
264
147
279
238
683
466
264
562
166
846
318
1030
691
360
25
378
271
753
781
265
134
197
624
606
238
937
102
231
742
829
109
743
771
1225
757
644
251
829
544
198
1522
541
83
193
524
453
575
754
1283
782
458
673
590
699
581
151
720
441
571
382
138
225
447
562
176
340
917
316
362
565
561
1061
678
735
937
257
176
32
422
269
664
119
288
487
915
575
373
649
71
543
95
532
591
64
651
419
318
883
748
828
516
614
625
612
154
316
345
1050
1145
887
65
946
193
706
1087
99
900
90
625
704
103
897
31
582
518
400
619
313
49
566
715
572
569
229
1036
61
539
865
97
313
1359
725
97
986
699
12
663
319
982
75
514
24
198
856
201
817
60
80
905
413
778
720
651
876
1039
69
708
209
1063
624
877
83
905
1154
602
385
241
540
1146
406
552
581
67
1384
1232
679
397
648
231
576
284
969
125
1279
535
313
1121
906
591
1039
682
365
