109
103
24
24
26
27
225
116
62
111
230
1972
508
1004
20
7
476
529
816
1564
213
237
261
285
21
38
129
40
30
26
41
32
62
76
52
66
182
1638
728
111
124
198
368
462
257
429
1265
24
332
962
323
689
280
386
898
604
371
681
453
167
1076
755
658
864
770
429
287
199
338
708
144
642
484
264
166
561
708
779
338
43
908
163
843
222
639
115
318
218
1015
682
474
22
465
125
350
616
410
845
400
62
20
226
1206
119
35
370
393
930
484
449
468
467
18
404
754
110
213
171
456
186
185
896
543
249
383
132
419
561
209
255
180
432
357
360
869
397
875
280
677
430
827
277
854
352
582
154
409
92
245
469
310
67
1322
759
158
75
471
655
552
433
626
254
528
583
332
158
42
504
462
56
421
1035
48
362
125
153
69
315
129
1482
747
110
301
514
745
1269
151
1516
638
490
951
1051
328
963
183
191
272
193
175
504
500
39
147
187
454
76
283
270
458
341
640
800
597
187
486
449
1252
508
241
79
730
1031
15
284
450
8
244
398
58
308
719
94
274
300
456
783
163
325
531
167
625
71
348
290
