0
69
24
87
27
0
15
0
24
0
32
21
27
81
60
0
69
33
30
39
27
45
0
93
0
15
21
0
0
0
33
0
3
45
0
33
30
6
39
66
66
20
30
18
0
24
15
0
21
0
21
12
84
81
21
15
36
0
12
27
0
51
6
24
0
92
3
18
9
54
36
9
0
39
42
36
36
6
0
54
27
12
0
42
9
81
69
96
63
45
6
0
36
39
30
40
63
57
33
18
27
0
0
21
9
0
0
61
45
21
0
24
24
8
9
45
15
36
0
0
51
0
24
30
57
24
0
0
3
0
39
69
69
0
12
21
27
39
39
0
57
0
3
87
6
21
33
36
60
45
0
48
45
51
0
39
21
0
69
15
39
27
15
3
8
63
18
4
3
27
0
66
18
51
33
9
12
0
3
0
0
51
18
27
0
0
0
57
78
0
57
54
42
0
37
0
36
0
24
27
21
24
0
23
3
80
3
54
51
24
9
0
6
26
42
36
9
4
54
15
18
92
0
6
39
0
24
18
27
16
0
39
0
51
15
24
24
43
6
0
48
9
18
0
21
0
27
0
30
57
54
12
33
0
21
42
30
0
36
24
0
21
42
15
15
27
54
0
9
28
30
0
81
0
33
33
15
36
9
0
0
0
30
39
12
24
9
9
6
43
16
24
12
0
0
39
42
6
0
45
9
0
45
39
21
27
0
33
0
36
24
21
0
18
0
0
24
0
18
15
24
27
48
0
0
27
54
48
0
12
24
0
0
0
45
0
27
72
6
0
45
3
0
84
21
20
0
0
15
27
12
54
57
39
18
0
63
30
42
39
24
0
27
51
9
15
60
30
0
39
12
18
102
30
39
18
36
12
21
18
15
15
0
63
3
9
63
58
21
0
36
3
78
18
0
60
39
9
18
27
0
24
28
15
42
39
21
27
48
27
6
0
0
81
0
12
111
0
21
0
12
0
0
0
18
30
45
12
18
0
0
57
21
9
24
42
21
105
30
0
0
33
21
27
0
3
45
43
4
0
51
39
27
42
51
42
42
12
24
21
0
21
45
21
72
36
0
12
0
72
0
12
3
27
72
0
0
18
63
24
3
0
99
0
66
27
0
33
9
0
0
0
45
51
0
33
57
9
3
88
3
24
9
15
72
27
51
21
48
60
6
0
57
42
63
39
6
18
72
0
0
57
27
42
0
36
18
15
3
21
0
49
0
27
0
42
30
9
57
84
3
45
9
0
42
0
0
27
12
0
6
18
54
33
24
42
45
0
59
0
113
15
21
21
3
24
84
42
0
3
21
72
21
30
0
0
3
0
63
0
0
27
0
27
24
0
28
45
27
3
9
21
45
48
51
21
33
3
15
24
24
0
0
87
3
30
39
12
27
49
0
24
0
0
0
12
0
0
0
0
0
0
48
39
27
0
0
6
42
0
24
36
51
47
30
50
0
24
27
24
33
0
18
57
0
42
0
54
12
78
24
63
6
12
9
0
42
12
27
57
0
36
27
42
30
3
69
21
27
0
30
6
21
27
51
18
54
36
18
0
39
0
3
0
3
28
27
30
0
0
0
0
60
0
18
57
0
15
0
36
24
0
12
16
59
0
39
18
27
51
15
33
39
15
6
42
0
18
21
0
21
3
0
3
0
0
21
48
15
0
32
0
9
0
69
69
0
9
0
48
30
24
48
12
15
24
75
45
33
51
20
0
63
33
39
27
24
24
27
24
0
30
9
48
27
0
29
48
0
15
47
0
30
3
60
36
24
39
0
33
15
51
21
27
0
12
0
86
32
0
0
93
0
0
0
3
21
39
16
27
27
30
0
24
48
87
0
0
20
0
0
54
3
51
20
39
33
18
16
12
6
28
27
0
42
0
24
18
18
42
27
33
78
45
72
99
21
20
51
15
45
18
0
45
0
0
0
27
30
42
12
0
53
51
21
42
45
42
0
3
37
0
39
0
0
33
0
72
0
0
0
39
0
0
0
24
21
54
45
12
9
45
39
6
69
0
72
0
0
78
27
57
24
72
0
81
15
27
0
24
0
0
0
6
63
30
15
30
24
57
36
0
75
27
3
24
21
39
0
39
45
36
36
0
0
105
24
24
24
54
36
72
43
30
54
36
63
0
21
45
0
0
0
0
3
15
24
51
81
18
24
12
35
69
0
12
24
27
57
69
9
15
54
45
0
54
0
58
42
24
66
27
0
22
21
0
6
0
84
21
39
24
27
60
11
24
9
0
96
18
12
39
42
0
24
45
45
36
69
0
25
0
140
0
0
0
