12
57
0
39
0
51
0
32
6
0
105
6
84
18
39
6
27
15
24
36
0
9
20
33
70
16
57
0
9
30
33
12
42
0
18
45
9
0
20
24
45
0
0
48
64
0
0
32
55
30
21
42
21
0
0
0
30
0
0
24
21
0
0
0
72
57
39
24
33
42
6
12
21
9
0
56
87
45
66
0
0
90
84
0
3
42
15
9
30
0
28
27
12
12
0
24
60
0
12
0
48
0
24
51
0
72
15
57
42
0
27
0
0
0
6
54
51
18
20
0
24
0
51
24
63
63
6
15
51
24
15
36
0
0
24
24
0
21
0
24
9
0
12
27
18
42
48
0
52
27
81
81
0
0
60
0
51
0
0
0
18
0
24
0
3
0
6
48
24
48
48
0
21
12
18
21
0
0
93
0
42
0
99
12
27
12
18
18
15
30
45
3
27
0
0
15
45
21
39
0
32
9
45
12
21
0
0
6
3
21
36
27
54
0
0
66
27
21
21
0
30
12
3
54
51
0
15
3
27
57
6
60
69
39
48
0
0
18
30
21
12
66
15
33
93
0
24
45
24
60
45
36
75
0
36
60
0
36
42
72
27
0
84
3
66
97
12
42
3
0
33
0
0
18
30
12
66
0
47
33
27
0
0
39
27
45
42
24
0
18
36
21
0
36
36
6
21
24
3
9
48
45
0
24
0
33
6
0
0
0
0
39
15
0
0
0
33
39
21
9
0
51
69
0
0
87
69
0
117
21
12
3
51
3
8
9
0
0
18
45
27
0
24
6
12
0
0
18
24
15
6
15
27
24
9
15
0
33
0
30
12
51
0
0
24
0
21
69
30
39
24
21
24
24
12
30
9
0
0
36
21
3
63
15
53
0
48
18
51
0
75
75
24
45
0
6
3
3
27
0
0
27
0
0
12
18
0
39
0
24
45
33
54
42
9
15
21
21
0
36
18
27
60
0
12
42
54
53
60
21
33
9
24
0
27
24
21
36
75
0
0
0
6
39
18
0
6
27
0
9
60
12
12
0
15
0
0
33
9
0
66
18
0
18
87
51
42
12
66
9
36
39
0
24
24
3
27
32
27
0
33
0
27
0
45
60
69
15
24
0
0
75
6
12
54
0
45
27
0
55
9
27
0
0
27
42
0
0
66
6
48
18
75
69
105
0
39
0
15
51
0
24
0
3
30
27
3
36
18
18
18
21
63
30
27
39
36
12
6
45
18
9
0
21
21
0
96
0
0
0
0
18
39
24
12
6
0
42
45
28
26
0
24
0
36
33
0
12
0
15
24
27
24
9
0
51
32
12
60
0
6
24
62
30
48
12
48
54
58
9
0
57
0
0
78
0
37
0
0
21
9
0
0
84
45
6
0
27
0
24
66
51
3
0
18
0
36
15
84
15
9
27
0
75
12
6
21
0
0
21
0
9
24
27
0
0
0
0
21
0
0
0
90
15
21
18
24
12
36
39
9
0
0
0
21
48
0
0
6
57
51
15
62
6
87
27
18
33
6
21
24
15
12
42
30
0
27
30
0
0
33
72
42
75
78
24
0
0
73
28
54
0
9
15
27
48
27
9
21
27
24
33
0
4
9
0
36
0
51
24
18
0
29
30
72
3
27
21
21
45
24
108
72
51
60
72
0
70
24
24
33
0
0
0
33
102
21
48
0
0
6
27
0
0
3
6
100
45
84
0
18
72
45
12
3
48
0
24
24
63
15
21
12
24
36
9
39
21
60
36
30
0
12
72
12
27
28
30
0
0
48
85
21
60
15
42
0
33
0
28
21
27
3
21
25
48
24
0
33
70
24
15
0
0
32
63
51
24
15
72
0
3
39
0
87
0
32
54
40
12
54
24
9
111
27
58
48
9
42
21
0
15
33
0
0
33
27
0
32
51
48
0
9
36
36
15
54
0
15
72
63
21
24
18
18
27
21
3
0
51
21
0
21
0
0
0
18
8
69
24
9
15
0
24
36
12
51
30
0
12
6
21
6
36
0
87
9
0
57
87
36
27
12
0
3
0
0
9
3
66
28
27
0
46
0
18
21
0
21
3
0
45
0
0
21
27
0
24
87
84
69
3
0
18
27
15
18
0
42
48
22
48
24
9
0
42
48
54
16
42
15
0
0
15
0
111
0
9
33
0
12
0
18
3
36
9
66
15
3
0
27
0
18
9
21
0
12
0
42
27
33
57
0
30
0
63
51
0
42
6
16
18
33
12
0
36
21
45
18
0
33
51
15
35
18
9
46
15
30
48
225
0
133
0
0
0
