0.0000000000
3.0000000000
2.2679491924
2.2679491924
1.0000000000
2.0000000000
2.0000000000
2.0000000000
3.0000000000
3.0000000000
3.0000000000
2.0000000000
1.0000000000
3.0000000000
1.0000000000
1.0000000000
1.0000000000
2.0000000000
3.0000000000
1.0000000000
2.0000000000
2.0000000000
1.0000000000
3.0000000000
1.0000000000
3.0000000000
1.0000000000
2.0000000000
3.0000000000
3.0000000000
3.0000000000
1.0000000000
1.0000000000
1.0000000000
1.0000000000
2.0000000000
1.0000000000
3.0000000000
2.0000000000
3.0000000000
1.0000000000
3.0000000000
3.0000000000
3.0000000000
11.0250156446
11.0000000000
0.0000000000
14.0000000000
0.0000000000
11.0294372515
0.0000000000
7.2967069115
0.0000000000
0.0250156446
9.7537887488
20.0000000000
6.0000000000
14.0000000000
0.0000000000
12.0000000000
18.0912878854
17.0000000000
19.0000000000
0.2667994693
19.0000000000
0.0000000000
20.0000000000
20.0000000000
18.0000000000
5.0000000000
12.0000000000
20.0000000000
3.7530492340
1.4772883581
8.0455488499
2.0000000000
20.0000000000
16.0000000000
0.0000000000
20.0000000000
13.0000000000
4.2690801373
2.5777948981
15.0000000000
6.1010205144
4.7084973779
7.2679491924
4.5278640450
10.3542486889
14.0000000000
9.2679491924
9.3542486889
1.7639320225
14.2679491924
5.7639320225
6.7084973779
5.7084973779
7.1010205144
8.1010205144
5.7084973779
3.7639320225
3.3542486889
6.5278640450
9.5278640450
12.7639320225
11.7639320225
3.0000000000
8.0000000000
4.0000000000
3.3542486889
10.2679491924
9.5278640450
11.2679491924
8.2679491924
11.7639320225
4.0000000000
4.7639320225
4.5278640450
6.2679491924
12.7639320225
7.1010205144
4.7084973779
8.3542486889
6.1010205144
20.0000000000
18.0000000000
18.0000000000
13.7550020016
19.0000000000
14.0000000000
0.0000000000
1.0940262794
0.0000000000
0.0000000000
20.0000000000
19.0000000000
2.2667994693
20.0000000000
20.0000000000
16.0000000000
20.0000000000
18.0000000000
0.0000000000
18.0000000000
15.0000000000
20.0000000000
20.0000000000
20.0000000000
20.0000000000
6.0455488499
20.0000000000
17.0000000000
20.0000000000
0.1833461736
20.0000000000
20.0000000000
20.0000000000
6.0455488499
18.0000000000
2.6794919243
16.0000000000
16.0000000000
3.5100040032
20.0000000000
