0.0000000000
3.0000000000
2.2679491924
2.2679491924
2.0000000000
1.0000000000
3.0000000000
3.0000000000
3.0000000000
2.0000000000
3.0000000000
1.0000000000
3.0000000000
3.0000000000
2.0000000000
1.0000000000
2.0000000000
2.0000000000
3.0000000000
1.0000000000
2.0000000000
3.0000000000
1.0000000000
2.0000000000
2.0000000000
2.0000000000
2.0000000000
2.0000000000
1.0000000000
3.0000000000
1.0000000000
3.0000000000
2.0000000000
2.0000000000
2.0000000000
2.0000000000
1.0000000000
1.0000000000
1.0000000000
1.0000000000
3.0000000000
1.0000000000
2.0000000000
2.0000000000
20.0000000000
17.0000000000
20.0000000000
9.0000000000
0.0000000000
0.0000000000
19.3431457505
0.0000000000
0.0000000000
16.1715728753
0.0000000000
9.0000000000
3.3944487245
20.0000000000
18.0000000000
7.5166852265
16.0000000000
2.2262800667
15.6306831231
19.0000000000
3.0000000000
2.5838015129
20.0000000000
13.4174243050
6.1010205144
17.0000000000
19.0000000000
10.7171431429
5.5501004020
19.0000000000
3.0557280900
2.0000000000
14.0000000000
19.0000000000
19.0000000000
11.2554373535
6.0000000000
0.0000000000
18.0000000000
15.1270166538
10.3542486889
7.3542486889
10.3542486889
4.5278640450
5.5278640450
5.7084973779
10.0000000000
5.5278640450
5.7084973779
7.0000000000
9.5278640450
9.2679491924
6.1010205144
9.0000000000
4.7084973779
4.1010205144
3.3542486889
2.7639320225
5.5278640450
7.2679491924
4.0000000000
5.7084973779
5.2679491924
5.5278640450
5.0000000000
4.3542486889
5.7639320225
11.2679491924
7.1010205144
4.2679491924
11.0000000000
5.1010205144
9.0000000000
15.0000000000
6.7084973779
3.7639320225
10.0000000000
3.5278640450
5.5278640450
1.7639320225
20.0000000000
19.0000000000
20.0000000000
20.0000000000
6.1547674213
20.0000000000
12.0839202169
19.0000000000
19.0000000000
20.0000000000
12.9172374697
18.0000000000
19.0000000000
20.0000000000
6.6862915010
0.0000000000
20.0000000000
19.0000000000
18.0000000000
20.0000000000
20.0000000000
20.0000000000
19.0000000000
16.0000000000
18.0000000000
0.0000000000
9.6148351929
20.0000000000
4.5835921350
0.0501256289
18.0000000000
20.0000000000
20.0000000000
16.0000000000
7.0000000000
20.0000000000
19.0000000000
13.7550020016
18.0000000000
18.0000000000
