1
fox
5
acc
acd
bbd
bcc
bcd
17711
acceeggiikkmmooqqssu
acceeggiikkmmooqqstt
acceeggiikkmmooqqstu
acceeggiikkmmooqrrtt
acceeggiikkmmooqrrtu
bcdefghijklmnopqrrtt
bcdefghijklmnopqrrtu
bcdefghijklmnopqrssu
bcdefghijklmnopqrstt
bcdefghijklmnopqrstu
0
2
a
b
3
aa
ab
ba
4
aaa
aab
aba
baa
1
c
0
0
0
21
aaaaaaaaaaaaaaaaaaaa
aaaaaaaaaaaaaaaaaaab
aaaaaaaaaaaaaaaaaaba
aaaaaaaaaaaaaaaaabaa
aaaaaaaaaaaaaaaabaaa
aaaabaaaaaaaaaaaaaaa
aaabaaaaaaaaaaaaaaaa
aabaaaaaaaaaaaaaaaaa
abaaaaaaaaaaaaaaaaaa
baaaaaaaaaaaaaaaaaaa
13530
cceeggiikkmmooqqssua
cceeggiikkmmooqqssub
cceeggiikkmmooqqstta
cceeggiikkmmooqqsttb
cceeggiikkmmooqqstua
cdefghijklmnopqrssub
cdefghijklmnopqrstta
cdefghijklmnopqrsttb
cdefghijklmnopqrstua
cdefghijklmnopqrstub
0
1
zyxwvutsrqponmlkjihg
0
0
0
2
ygtyod
ygtzod
1
mdrw
2
auhyfed
buhyfed
1
goymlcrq
1
vhgl
6
lsexwdlsl
lsexwdlsm
lsexwdltl
lsexwdltm
lsexwdmsl
lsexwdmtl
0
0
1
mqciy
2
sns
snt
5
ssuu
ssuv
sttv
stuu
stuv
2
udahxp
udbhxp
1
ecsvkoyn
1
rx
2
tzticrw
tzuicrw
1
izq
24
nprrndwpfwtih
nprrndwpfxtih
nprrndwqfwtih
nprrndwqfxtih
nprrodwpfwtih
nprsodwpfxtih
nprsodwqfwsih
nprsodwqfwtih
nprsodwqfxsih
nprsodwqfxtih
16
dnysnkirxgyfuqdk
dnysnkirxgyfuqdl
dnysnkirxgyfuqek
dnysnkirxgyfuqel
dnysnkirxgzfuqdk
dnysokirxgyfuqel
dnysokirxgzfuqdk
dnysokirxgzfuqdl
dnysokirxgzfuqek
dnysokirxgzfuqel
24
fasryinfhkykxq
fasryinfhkylxq
fasryinfhkzkxq
fasryinfhkzlxq
fasryinggkykxq
fbsryinggkzlxq
fbsryinghkykxq
fbsryinghkylxq
fbsryinghkzkxq
fbsryinghkzlxq
12
gcmzalmrtyivqvxf
gcmzalmrtyivqwwf
gcmzalmrtyivqwxf
gcmzalnrtyivqvxf
gcmzalnrtyivqwwf
gcmzblmrtyivqwwf
gcmzblmrtyivqwxf
gcmzblnrtyivqvxf
gcmzblnrtyivqwwf
gcmzblnrtyivqwxf
16
vtexenvjxrti
vtexenvjxrui
vtexenvjyrti
vtexenvjyrui
vtexenwjxrti
vtexfnvjyrui
vtexfnwjxrti
vtexfnwjxrui
vtexfnwjyrti
vtexfnwjyrui
48
jzzfsppdjxfwshca
jzzfsppdjxfwshcb
jzzfsppdjxfwthca
jzzfsppdjxfwthcb
jzzfsppdjxgwsgca
jzzfspqdkxgwshcb
jzzfspqdkxgwtgca
jzzfspqdkxgwtgcb
jzzfspqdkxgwthca
jzzfspqdkxgwthcb
16
zjfznandwrjw
zjfznandwrjx
zjfznandwrkw
zjfznandwrkx
zjfznaodwrjw
zjfznbndwrkx
zjfznbodwrjw
zjfznbodwrjx
zjfznbodwrkw
zjfznbodwrkx
12
zxfhpmcvttszemof
zxfhpmcvttszemog
zxfhpmcvttszennf
zxfhpmcvttszenng
zxfhpmcvttszenof
zxfhpmcvtuszemog
zxfhpmcvtuszennf
zxfhpmcvtuszenng
zxfhpmcvtuszenof
zxfhpmcvtuszenog
12
vugpkdgpimzdsy
vugpkdgpimzesy
vugpkdgqimzdsy
vugpkdgqimzesy
vugpkdhphmzdsy
vugpkdhpimzesy
vugpkdhqhmzdsy
vugpkdhqhmzesy
vugpkdhqimzdsy
vugpkdhqimzesy
72
jfcirjrvntacvqx
jfcirjrvntacwqw
jfcirjrvntacwqx
jfcirjrvntadvqx
jfcirjrvntadwqw
jfcirksvntbcwqw
jfcirksvntbcwqx
jfcirksvntbdvqx
jfcirksvntbdwqw
jfcirksvntbdwqx
24
xisldnlfpanpc
xisldnlfpanqc
xisldnlfpaopc
xisldnlfpaoqc
xisldnlfpbnpb
xisldnmfpbnqc
xisldnmfpbopb
xisldnmfpbopc
xisldnmfpboqb
xisldnmfpboqc
12
kxjidvhaqdpkmos
kxjidvhaqdpllos
kxjidvhaqdplmos
kxjidvhaqepkmos
kxjidvhaqepllos
kxjidvhbqdpllos
kxjidvhbqdplmos
kxjidvhbqepkmos
kxjidvhbqepllos
kxjidvhbqeplmos
16
svfczqqvcuf
svfczqqvcug
svfczqqvduf
svfczqqvdug
svfczqqwcuf
svfczqrvdug
svfczqrwcuf
svfczqrwcug
svfczqrwduf
svfczqrwdug
16
lgtvoaetgne
lgtvoaetgnf
lgtvoaethne
lgtvoaethnf
lgtvoaeugne
lgtvobethnf
lgtvobeugne
lgtvobeugnf
lgtvobeuhne
lgtvobeuhnf
72
xhtaxvfhrjrcfq
xhtaxvfhrjrcgq
xhtaxvfhrjscfq
xhtaxvfhrjscgq
xhtaxvfirircfq
xhtbyvfirjrcgq
xhtbyvfirjsbfq
xhtbyvfirjsbgq
xhtbyvfirjscfq
xhtbyvfirjscgq
20
hawhjjdmqvmut
hawhjjdmqvnut
hawhjkdmqvmut
hawhjkdmqvnut
hawiikdmqvmut
hbwiikdmqvnut
hbwijjdmqvmut
hbwijjdmqvnut
hbwijkdmqvmut
hbwijkdmqvnut
18
znagiwyddmpfwvck
znagiwyddmpfxvck
znagiwydempewvck
znagiwydempexvck
znagiwydempfwvck
znbgiwydempexvck
znbgiwydempfwvbk
znbgiwydempfwvck
znbgiwydempfxvbk
znbgiwydempfxvck
16
cvkafvykhnyep
cvkafvykhnzep
cvkafvylhnyep
cvkafvylhnzep
cvkafwykhnyep
cvkbfvylhnzep
cvkbfwykhnyep
cvkbfwykhnzep
cvkbfwylhnyep
cvkbfwylhnzep
72
haummcrpoyjyfhwr
haummcrpoyjyfhws
haummcrpoyjyfiwr
haummcrpoyjyfiws
haummcrpoyjzfhwr
hbumncrpoyjyfiws
hbumncrpoyjzfhwr
hbumncrpoyjzfhws
hbumncrpoyjzfiwr
hbumncrpoyjzfiws
32
ykxmctqjcahfkwhm
ykxmctqjcahfkwhn
ykxmctqjcahfkwim
ykxmctqjcahfkwin
ykxmctqjcahflwhm
ykxmctqjdbhfkwin
ykxmctqjdbhflwhm
ykxmctqjdbhflwhn
ykxmctqjdbhflwim
ykxmctqjdbhflwin
12
cyprorutfyal
cyprorutfybl
cyprorutfzal
cyprorutfzbl
cyprosusfyal
cyprosusfzbl
cyprosutfyal
cyprosutfybl
cyprosutfzal
cyprosutfzbl
24
wjssafvhcfrzj
wjssafvhcfrzk
wjssafvhcgrzj
wjssafvhcgrzk
wjssbfvhbfrzj
wjstbfvhbgrzk
wjstbfvhcfrzj
wjstbfvhcfrzk
wjstbfvhcgrzj
wjstbfvhcgrzk
16
jmtmhqjpygsqxh
jmtmhqjpygsqxi
jmtmhqjpygsrxh
jmtmhqjpygsrxi
jmtmhqkpygsqxh
jmtnhqjpygsrxi
jmtnhqkpygsqxh
jmtnhqkpygsqxi
jmtnhqkpygsrxh
jmtnhqkpygsrxi
96
dvousfvhnshxloaf
dvousfvhnshxloag
dvousfvhnshxlobf
dvousfvhnshxlobg
dvousfvhnshxlpaf
dvousfwhntixlobg
dvousfwhntixlpaf
dvousfwhntixlpag
dvousfwhntixlpbf
dvousfwhntixlpbg
12
rvvfonryaci
rvvfonrybbi
rvvfonrybci
rvvfonsyaci
rvvfonsybbi
rvwfonrybbi
rvwfonrybci
rvwfonsyaci
rvwfonsybbi
rvwfonsybci
48
nnxtgcietikkpmw
nnxtgcietiklplw
nnxtgcietiklpmw
nnxtgcietjjlplw
nnxtgcietjjlpmw
noxtgcieujkkpmw
noxtgcieujklolw
noxtgcieujklomw
noxtgcieujklplw
noxtgcieujklpmw
16
dthzspxdtxkrwzok
dthzspxdtxkrwzol
dthzspxdtykrwzok
dthzspxdtykrwzol
dthzspxduxkrwzok
dthzspxetykrwzol
dthzspxeuxkrwzok
dthzspxeuxkrwzol
dthzspxeuykrwzok
dthzspxeuykrwzol
20
dhtzdmfjjwyzwf
dhtzdmfjjwyzwg
dhtzdmfjjwyzxf
dhtzdmfjjwyzxg
dhtzdmfjkwyzwf
dhtzemfjjwyzxg
dhtzemfjkwyzwf
dhtzemfjkwyzwg
dhtzemfjkwyzxf
dhtzemfjkwyzxg
40
wvhgqtonahljojt
wvhgqtonahljoju
wvhgqtonahljokt
wvhgqtonahljoku
wvhgqtonahljpjt
wvhgqtonbiljoku
wvhgqtonbiljpjt
wvhgqtonbiljpju
wvhgqtonbiljpkt
wvhgqtonbiljpku
1152
avvtrfjlyojltfcrnoy
avvtrfjlyojltfcrnoz
avvtrfjlyojltfcrnpy
avvtrfjlyojltfcrnpz
avvtrfjlyojltfcsnoy
bvwtrfjlyokmugcsmpz
bvwtrfjlyokmugcsnoy
bvwtrfjlyokmugcsnoz
bvwtrfjlyokmugcsnpy
bvwtrfjlyokmugcsnpz
1080
kampwufzudpcmofwyrkr
kampwufzudpcmofwyrks
kampwufzudpcmofwyrlr
kampwufzudpcmofwyrls
kampwufzudpcmofxxrkr
kbmpwufzvdqcnogxyqls
kbmpwufzvdqcnogxyrkr
kbmpwufzvdqcnogxyrks
kbmpwufzvdqcnogxyrlr
kbmpwufzvdqcnogxyrls
1600
mtyaedioetggqqviovym
mtyaedioetggqqviovyn
mtyaedioetggqqviovzm
mtyaedioetggqqviovzn
mtyaedioetggqqviowym
mtybediofughqrvjpvzn
mtybediofughqrvjpwym
mtybediofughqrvjpwyn
mtybediofughqrvjpwzm
mtybediofughqrvjpwzn
1920
hpsjdjhxldlfaxvnvfzs
hpsjdjhxldlfaxvnvfzt
hpsjdjhxldlfaxvnvgzs
hpsjdjhxldlfaxvnvgzt
hpsjdjhxldlfaxvnwfzs
hpsjdkixlemfbyvnwfzt
hpsjdkixlemfbyvnwgys
hpsjdkixlemfbyvnwgyt
hpsjdkixlemfbyvnwgzs
hpsjdkixlemfbyvnwgzt
1440
muafrujjrtlhhwmddwqf
muafrujjrtlhhwmddwqg
muafrujjrtlhhwmddxqf
muafrujjrtlhhwmddxqg
muafrujjrtlhhwmdewqf
mubfrvjkstlhiwnddxqg
mubfrvjkstlhiwndewqf
mubfrvjkstlhiwndewqg
mubfrvjkstlhiwndexqf
mubfrvjkstlhiwndexqg
1800
hmmsdsoxuadcoxhukzkr
hmmsdsoxuadcoxhukzlr
hmmsdsoxuadcoxhvkzkr
hmmsdsoxuadcoxhvkzlr
hmmsdsoxuadcoxiukzkr
hmnsdtoxubecpyiukzlr
hmnsdtoxubecpyivkykr
hmnsdtoxubecpyivkylr
hmnsdtoxubecpyivkzkr
hmnsdtoxubecpyivkzlr
1080
imfvdifhsvdamoukqcso
imfvdifhsvdamoukqcsp
imfvdifhsvdamoukqcto
imfvdifhsvdamoukqctp
imfvdifhsvdannukqcsp
imfvdjghswebnoukqbtp
imfvdjghswebnoukqcso
imfvdjghswebnoukqcsp
imfvdjghswebnoukqcto
imfvdjghswebnoukqctp
1080
djmmhgavuvrjhrtdclxx
djmmhgavuvrjhrtdclxy
djmmhgavuvrjhrteclxx
djmmhgavuvrjhrteclxy
djmmhgavuvrjhssdclxx
djmnhgbvuwrkisteckxx
djmnhgbvuwrkisteckxy
djmnhgbvuwrkisteclwy
djmnhgbvuwrkisteclxx
djmnhgbvuwrkisteclxy
1008
swwhhofjjodszlrydlfn
swwhhofjjodszlrydlgn
swwhhofjjodszlrydmfm
swwhhofjjodszlrydmfn
swwhhofjjodszlrydmgm
swxhiofjkpdtzlryelgn
swxhiofjkpdtzlryemfm
swxhiofjkpdtzlryemfn
swxhiofjkpdtzlryemgm
swxhiofjkpdtzlryemgn
1080
hdmuushacmwyypdfjjsr
hdmuushacmwyypdfjjtr
hdmuushacmwyypdfjksr
hdmuushacmwyypdfjktr
hdmuushacmwyypeejjsr
hdmuvsibcnwyzpefiktr
hdmuvsibcnwyzpefjjsr
hdmuvsibcnwyzpefjjtr
hdmuvsibcnwyzpefjksr
hdmuvsibcnwyzpefjktr
1350
kpwwpesaeznkrgmygccn
kpwwpesaeznkrgmygcco
kpwwpesaeznkrgmygcdn
kpwwpesaeznkrgmygcdo
kpwwpesaeznkrgmyhccn
kpwxqesbfznlrgmyhbdo
kpwxqesbfznlrgmyhccn
kpwxqesbfznlrgmyhcco
kpwxqesbfznlrgmyhcdn
kpwxqesbfznlrgmyhcdo
1440
svdlhrfsovhdjlfjuoaq
svdlhrfsovhdjlfjuobq
svdlhrfsovhdjlfjupap
svdlhrfsovhdjlfjupaq
svdlhrfsovhdjlfjupbp
svdlhrftowiejmgkuobq
svdlhrftowiejmgkupap
svdlhrftowiejmgkupaq
svdlhrftowiejmgkupbp
svdlhrftowiejmgkupbq
1152
tyokhrmohkcqmtjcvvrx
tyokhrmohkcqmtjcvvsx
tyokhrmohkcqmtjcvwrw
tyokhrmohkcqmtjcvwrx
tyokhrmohkcqmtjcvwsw
tyokhrmpilcqnujdvvsx
tyokhrmpilcqnujdvwrw
tyokhrmpilcqnujdvwrx
tyokhrmpilcqnujdvwsw
tyokhrmpilcqnujdvwsx
1152
qtkfvficctyqyivkmeap
qtkfvficctyqyivkmebp
qtkfvficctyqyivlleap
qtkfvficctyqyivllebp
qtkfvficctyqyivlmeap
qtkfvgicduyrzjwllebp
qtkfvgicduyrzjwlmdap
qtkfvgicduyrzjwlmdbp
qtkfvgicduyrzjwlmeap
qtkfvgicduyrzjwlmebp
1152
dhulnalnwyywsdjphscj
dhulnalnwyywsdjphsck
dhulnalnwyywsdjphtcj
dhulnalnwyywsdjphtck
dhulnalnwyywsdjpiscj
dhulnbmowyzxsejpisck
dhulnbmowyzxsejpitbj
dhulnbmowyzxsejpitbk
dhulnbmowyzxsejpitcj
dhulnbmowyzxsejpitck
1080
shwjqwqpmeaysemjloyc
shwjqwqpmeaysemjlozc
shwjqwqpmeaysemkkoyc
shwjqwqpmeaysemkkozc
shwjqwqpmeaysemkloyc
shwjqxrpmebytfnklnzc
shwjqxrpmebytfnkloyb
shwjqxrpmebytfnkloyc
shwjqxrpmebytfnklozb
shwjqxrpmebytfnklozc
1200
ejyqjnslnshgeulhuacq
ejyqjnslnshgeulhuacr
ejyqjnslnshgeulhubbq
ejyqjnslnshgeulhubbr
ejyqjnslnshgeulhubcq
ejyqknslothgfumivacr
ejyqknslothgfumivbbq
ejyqknslothgfumivbbr
ejyqknslothgfumivbcq
ejyqknslothgfumivbcr
1024
zggixmvxvsodikodmsa
zggixmvxvsodikodmsb
zggixmvxvsodikodmta
zggixmvxvsodikodmtb
zggixmvxvsodikodnsa
zghixmvywsodjkpemtb
zghixmvywsodjkpensa
zghixmvywsodjkpensb
zghixmvywsodjkpenta
zghixmvywsodjkpentb
1440
vgyoikkacysocuvimgsx
vgyoikkacysocuvimgtx
vgyoikkacysocuvimhsx
vgyoikkacysocuvimhtx
vgyoikkacysocuvjmgsx
vgyoiklbczspduwjmgtx
vgyoiklbczspduwjmhsw
vgyoiklbczspduwjmhsx
vgyoiklbczspduwjmhtw
vgyoiklbczspduwjmhtx
1152
wfhppwjjrnlrtafzhenc
wfhppwjjrnlrtafzheoc
wfhppwjjrnlrtafzienc
wfhppwjjrnlrtafzieoc
wfhppwjjrnlrtagzhenc
wfhpqxjkrnlstbgzheoc
wfhpqxjkrnlstbgzienb
wfhpqxjkrnlstbgzienc
wfhpqxjkrnlstbgzieob
wfhpqxjkrnlstbgzieoc
1080
tjmffrmjlrtaqwdwooyc
tjmffrmjlrtaqwdwopyc
tjmffrmjlrtaqwdxooxc
tjmffrmjlrtaqwdxooyc
tjmffrmjlrtaqwdxopxc
tjmfgrnklsubqwdxooyc
tjmfgrnklsubqwdxopxb
tjmfgrnklsubqwdxopxc
tjmfgrnklsubqwdxopyb
tjmfgrnklsubqwdxopyc
1024
afpxfpdmsskkhxhvmjd
afpxfpdmsskkhxhvmje
afpxfpdmsskkhxhvnjd
afpxfpdmsskkhxhvnje
afpxfpdmsskkhxivmid
bfpxgqdmstklhyivmje
bfpxgqdmstklhyivnid
bfpxgqdmstklhyivnie
bfpxgqdmstklhyivnjd
bfpxgqdmstklhyivnje
1152
xqchvmemcxqheatljtvz
xqchvmemcxqheatljtwz
xqchvmemcxqheatljuvz
xqchvmemcxqheatljuwz
xqchvmemcxqhebtljtvz
xqchvmendyrifbtljtwz
xqchvmendyrifbtljuvy
xqchvmendyrifbtljuvz
xqchvmendyrifbtljuwy
xqchvmendyrifbtljuwz
1024
ifclxuxaksnlfncusqqi
ifclxuxaksnlfncusqqj
ifclxuxaksnlfncusqri
ifclxuxaksnlfncusqrj
ifclxuxaksnlfncutqqi
ifclxuybksnmgodvsqrj
ifclxuybksnmgodvtqqi
ifclxuybksnmgodvtqqj
ifclxuybksnmgodvtqri
ifclxuybksnmgodvtqrj
1440
fhxxjthqqafmojtscvov
fhxxjthqqafmojtscvow
fhxxjthqqafmojtscvpv
fhxxjthqqafmojtscvpw
fhxxjthqqafmojuscuow
fhxyjtiqrbgmokuscupw
fhxyjtiqrbgmokuscvov
fhxyjtiqrbgmokuscvow
fhxyjtiqrbgmokuscvpv
fhxyjtiqrbgmokuscvpw
1152
zrltjvldtaojrggcoqdv
zrltjvldtaojrggcoqdw
zrltjvldtaojrggcoqev
zrltjvldtaojrggcoqew
zrltjvldtaojrggcppdv
zrltjvmduboksghcppew
zrltjvmduboksghcpqdv
zrltjvmduboksghcpqdw
zrltjvmduboksghcpqev
zrltjvmduboksghcpqew
1152
dtiraffrvolikotlyvnd
dtiraffrvolikotlyvne
dtiraffrvolikotlywnd
dtiraffrvolikotlywne
dtiraffrvolikotmyvmd
dtirbfgsvoljkpumyvne
dtirbfgsvoljkpumywmd
dtirbfgsvoljkpumywme
dtirbfgsvoljkpumywnd
dtirbfgsvoljkpumywne
1280
ncvinxxqkcigkgseqevs
ncvinxxqkcigkgseqevt
ncvinxxqkcigkgseqews
ncvinxxqkcigkgseqewt
ncvinxxqkcigkgseqfvs
ncvioxyqkdjglhserewt
ncvioxyqkdjglhserfvs
ncvioxyqkdjglhserfvt
ncvioxyqkdjglhserfws
ncvioxyqkdjglhserfwt
1296
uyuagnywnmididrcrpgk
uyuagnywnmididrcrphk
uyuagnywnmididrcspgk
uyuagnywnmididrcsphk
uyuagnywnmidiercrpgk
uyvbgnzwomidjercsohk
uyvbgnzwomidjercspgj
uyvbgnzwomidjercspgk
uyvbgnzwomidjercsphj
uyvbgnzwomidjercsphk
1080
gapgskvcykmvxypfusci
gapgskvcykmvxypfusdi
gapgskvcykmvxypfutci
gapgskvcykmvxypfutdi
gapgskvcykmvxyqfusci
gbphskvcylmwxzqfusdi
gbphskvcylmwxzqfutch
gbphskvcylmwxzqfutci
gbphskvcylmwxzqfutdh
gbphskvcylmwxzqfutdi
3200
ausfuswyfclyphpclewh
ausfuswyfclyphpclewi
ausfuswyfclyphpclexh
ausfuswyfclyphpclexi
ausfuswyfclyphpcmewh
busfvtwygclzphqdmdxi
busfvtwygclzphqdmewh
busfvtwygclzphqdmewi
busfvtwygclzphqdmexh
busfvtwygclzphqdmexi
3510
iqtteivqaccnknepvsxx
iqtteivqaccnknepvsxy
iqtteivqaccnknepwswy
iqtteivqaccnknepwsxx
iqtteivqaccnknepwsxy
iqtuejvrbcdnkofpwrxx
iqtuejvrbcdnkofpwrxy
iqtuejvrbcdnkofpwswy
iqtuejvrbcdnkofpwsxx
iqtuejvrbcdnkofpwsxy
3120
eesgkaiycwkmsmwgoyio
eesgkaiycwkmsmwgoyip
eesgkaiycwkmsmwgoyjo
eesgkaiycwkmsmwgoyjp
eesgkaiycwkmsmwgozio
efsgkbiycwlmtnxhoyjp
efsgkbiycwlmtnxhozio
efsgkbiycwlmtnxhozip
efsgkbiycwlmtnxhozjo
efsgkbiycwlmtnxhozjp
3360
veahrchejxjcvlxlttrn
veahrchejxjcvlxlttsn
veahrchejxjcvlxlturn
veahrchejxjcvlxltusn
veahrchejxjcvlxmttrm
vebhrcifjxkdwlymttsn
vebhrcifjxkdwlymturm
vebhrcifjxkdwlymturn
vebhrcifjxkdwlymtusm
vebhrcifjxkdwlymtusn
3120
gawykncycegnerrwkpmp
gawykncycegnerrwkpmq
gawykncycegnerrwlplp
gawykncycegnerrwlplq
gawykncycegnerrwlpmp
gbwyknczdehofrsxlomq
gbwyknczdehofrsxlplp
gbwyknczdehofrsxlplq
gbwyknczdehofrsxlpmp
gbwyknczdehofrsxlpmq
3120
sjjdqnsulludwayqcynw
sjjdqnsulludwayqcynx
sjjdqnsulludwayqcyow
sjjdqnsulludwayqcyox
sjjdqnsulludwayqcznw
sjkdqntulmvewbyrcyox
sjkdqntulmvewbyrcznw
sjkdqntulmvewbyrcznx
sjkdqntulmvewbyrczow
sjkdqntulmvewbyrczox
3200
ptehhvaprxvrxjetccjl
ptehhvaprxvrxjetcckk
ptehhvaprxvrxjetcckl
ptehhvaprxvrxjetcdjl
ptehhvaprxvrxjetcdkk
ptehivbqrxwsyjfucckk
ptehivbqrxwsyjfucckl
ptehivbqrxwsyjfucdjl
ptehivbqrxwsyjfucdkk
ptehivbqrxwsyjfucdkl
