2
ca
cb
0
0
4
adfhjlnprrvxz
adfhjlnprsvxz
bdfhjlnprrvxz
bdfhjlnprsvxz
16
cegikoaceg
cegikoaceh
cegikoacfg
cegikoacfh
cegikoadeg
cegikobcfh
cegikobdeg
cegikobdeh
cegikobdfg
cegikobdfh
0
2
vna
vnb
3
sozooulk
sozopulk
sozpoulk
1
nzfdrk
6
gyaqjgfgl
gyaqjgfhl
gyaqjhfgl
gybqjgfgl
gybqjgfhl
gybqjhfgl
1
srkyo
1
pxsvd
1
dc
3
junjhj
junjhk
junkhj
2
qnegya
qnegyb
1
kr
1
dmwjq
2
ajtpm
bjtpm
2
jcua
jcub
6
loluwnqwg
loluwnqxg
lomuwmqwg
lomuwmqxg
lomuwnqwg
lomuwnqxg
12
mtqkafvdcdt
mtqkafvdcdu
mtqkafvdcet
mtqkafvdceu
mtqkbfvdbdt
mtqkbfvdbeu
mtqkbfvdcdt
mtqkbfvdcdu
mtqkbfvdcet
mtqkbfvdceu
12
aepwopkerujnh
aepwopkfrujnh
aepwoqkequjnh
aepwoqkerujnh
aepwoqkfqujnh
bepwopkfrujnh
bepwoqkequjnh
bepwoqkerujnh
bepwoqkfqujnh
bepwoqkfrujnh
24
nazjvnvhjxqtdgz
nazjvnvhkxqtdgz
nazjvnwhjwqtdgz
nazjvnwhjxqtdgz
nazjvnwhkwqtdgz
nbzjvovhkxqtdgz
nbzjvowhjwqtdgz
nbzjvowhjxqtdgz
nbzjvowhkwqtdgz
nbzjvowhkxqtdgz
18
zjcumcmiylosaeh
zjcumcmiylosbeh
zjcumcniylnsaeh
zjcumcniylnsbeh
zjcumcniylosaeh
zjcumdniylnsbeh
zjcumdniylosadh
zjcumdniylosaeh
zjcumdniylosbdh
zjcumdniylosbeh
16
nuruylaqykdr
nuruylaqykds
nuruylaqzkdr
nuruylaqzkds
nuruylbqykdr
nurvylaqzkds
nurvylbqykdr
nurvylbqykds
nurvylbqzkdr
nurvylbqzkds
10
fzqtaocckoyhxn
fzqtaocckpyhxn
fzqtaocdkoyhxn
fzqtaocdkpyhxn
fzqtbobdkoyhxn
fzqtbobdkpyhxn
fzqtbocckoyhxn
fzqtbocckpyhxn
fzqtbocdkoyhxn
fzqtbocdkpyhxn
12
ygfseyumigxpoadc
ygfseyumigxpobdb
ygfseyumigxpobdc
ygfseyumihxpoadc
ygfseyumihxpobdb
ygfsezumigxpobdb
ygfsezumigxpobdc
ygfsezumihxpoadc
ygfsezumihxpobdb
ygfsezumihxpobdc
24
hpczvlulhngyrpct
hpczvlulhngyrpdt
hpczvlulhngyrqct
hpczvlulhngyrqdt
hpczvlulingyrpct
hpczvlumimgyrqdt
hpczvlumingyrpct
hpczvlumingyrpdt
hpczvlumingyrqct
hpczvlumingyrqdt
16
nfqdnvyqfdu
nfqdnvyqfeu
nfqdnvyqgdu
nfqdnvyqgeu
nfqdnvyrfdu
nfqdovyqgeu
nfqdovyrfdu
nfqdovyrfeu
nfqdovyrgdu
nfqdovyrgeu
16
vgdtflgjndclyrqt
vgdtflgjndclyrqu
vgdtflgjndcmyrqt
vgdtflgjndcmyrqu
vgdtflgjneclyrqt
vgdtflhjndcmyrqu
vgdtflhjneclyrqt
vgdtflhjneclyrqu
vgdtflhjnecmyrqt
vgdtflhjnecmyrqu
16
xzfdwafdixrlz
xzfdwafdiyrlz
xzfdwafeixrlz
xzfdwafeiyrlz
xzfdwagdixrlz
xzfdwbfeiyrlz
xzfdwbgdixrlz
xzfdwbgdiyrlz
xzfdwbgeixrlz
xzfdwbgeiyrlz
15
rpfiifkzyzhk
rpfiifkzyzhl
rpfiigkzyzgk
rpfiigkzyzgl
rpfiigkzyzhk
rpfijgjzyzhl
rpfijgkzyzgk
rpfijgkzyzgl
rpfijgkzyzhk
rpfijgkzyzhl
16
snmjeehuxaqlsh
snmjeehuxaqlsi
snmjeehuxaqlth
snmjeehuxaqlti
snmjeehuxbqlsh
snmjefhuxaqlti
snmjefhuxbqlsh
snmjefhuxbqlsi
snmjefhuxbqlth
snmjefhuxbqlti
12
uqtfaeuydkcipxy
uqtfaeuydkcipxz
uqtfaevydkcipxy
uqtfaevydkcipxz
uqtfbeuydkbipxy
uqtfbeuydkcipxz
uqtfbevydkbipxy
uqtfbevydkbipxz
uqtfbevydkcipxy
uqtfbevydkcipxz
12
uaydhupgkcko
uaydhupgkclo
uaydhvpgkcko
uaydhvpgkclo
ubydhupgkbko
ubydhupgkclo
ubydhvpgkbko
ubydhvpgkblo
ubydhvpgkcko
ubydhvpgkclo
30
vmdmsfhoyvoxlf
vmdmsfhoyvoxlg
vmdmsfhoyvpxlf
vmdmsfhoyvpxlg
vmdmsfhoywowlf
vmdnsfhoywoxlg
vmdnsfhoywpwlf
vmdnsfhoywpwlg
vmdnsfhoywpxlf
vmdnsfhoywpxlg
96
uzurmpgjtpxgamjc
uzurmpgjtpxgamkc
uzurmpgjtpxganjc
uzurmpgjtpxgankc
uzurmpgjtpxgbmjb
uzvrmpgjtqxhbmkc
uzvrmpgjtqxhbnjb
uzvrmpgjtqxhbnjc
uzvrmpgjtqxhbnkb
uzvrmpgjtqxhbnkc
24
qtvfjdqfczooisll
qtvfjdqfczooislm
qtvfjdqfczopisll
qtvfjdqfczopislm
qtvfjdqgczooisll
qtvfjdrgczooislm
qtvfjdrgczopirll
qtvfjdrgczopirlm
qtvfjdrgczopisll
qtvfjdrgczopislm
48
ueodltxaozicuigl
ueodltxaozicuigm
ueodltxaozicujgl
ueodltxaozicujgm
ueodltxaozicvigl
ueodltxbpzicujgm
ueodltxbpzicvigl
ueodltxbpzicvigm
ueodltxbpzicvjgl
ueodltxbpzicvjgm
60
kdsyaxggfvdkucmm
kdsyaxggfvdkucmn
kdsyaxggfvdlucln
kdsyaxggfvdlucmm
kdsyaxggfvdlucmn
kdsybxghfvelubmm
kdsybxghfvelubmn
kdsybxghfvelucln
kdsybxghfvelucmm
kdsybxghfvelucmn
32
dowgsjfurmwjdsm
dowgsjfurmwjdsn
dowgsjfurmwjdtm
dowgsjfurmwjdtn
dowgsjfurmwjesm
dowgsjfurmxkdtn
dowgsjfurmxkesm
dowgsjfurmxkesn
dowgsjfurmxketm
dowgsjfurmxketn
10
wtvitwymyr
wtvitwymzr
wtvitxxmzr
wtvitxymyr
wtvitxymzr
wtviuwymyr
wtviuwymzr
wtviuxxmzr
wtviuxymyr
wtviuxymzr
40
xshoaojsnwulhzug
xshoaojsnwulhzvg
xshoaojsnwulizug
xshoaojsnwulizvg
xshoaojtnwtlhzvg
xshobpjtnwtlizvg
xshobpjtnwulhzug
xshobpjtnwulhzvg
xshobpjtnwulizug
xshobpjtnwulizvg
48
gfudzakqwnqwgszn
gfudzakqwnqwgszo
gfudzakqwnqwhszn
gfudzakqwnqwhszo
gfudzakqwnqxgszn
gfudzbkqwnrxgszo
gfudzbkqwnrxhrzn
gfudzbkqwnrxhrzo
gfudzbkqwnrxhszn
gfudzbkqwnrxhszo
24
myywpfoimlasephc
myywpfoimlaseqhc
myywpfoimlbsephb
myywpfoimlbsephc
myywpfoimlbseqhb
myzwpfoinlaseqhc
myzwpfoinlbsephb
myzwpfoinlbsephc
myzwpfoinlbseqhb
myzwpfoinlbseqhc
20
vxqpgmqflkvsas
vxqpgmqflkvsat
vxqpgmqflkvsbs
vxqpgmqflkvsbt
vxqpgmqflkwsas
vxqpgmrflkwrbt
vxqpgmrflkwsas
vxqpgmrflkwsat
vxqpgmrflkwsbs
vxqpgmrflkwsbt
24
ptmkepyxmkrdhe
ptmkepyxmkrdhf
ptmkepyxmlrdhe
ptmkepyxmlrdhf
ptmkepyxnkrdhe
ptmkeqyxnkrdhf
ptmkeqyxnlqdhe
ptmkeqyxnlqdhf
ptmkeqyxnlrdhe
ptmkeqyxnlrdhf
16
ixqhafqmkxfv
ixqhafqmkxgv
ixqhafqmkyfv
ixqhafqmkygv
ixqhafrmkxfv
ixqhbfqmkygv
ixqhbfrmkxfv
ixqhbfrmkxgv
ixqhbfrmkyfv
ixqhbfrmkygv
1200
padcdxjggoxrjwlrlptt
padcdxjggoxrjwlrlptu
padcdxjggoxrjwlrlqtt
padcdxjggoxrjwlrlqtu
padcdxjggoxrjwlrmptt
pbdcexjghoyrkwlsmptt
pbdcexjghoyrkwlsmptu
pbdcexjghoyrkwlsmqsu
pbdcexjghoyrkwlsmqtt
pbdcexjghoyrkwlsmqtu
10946
ddffhhjjllnnpprrttvv
ddffhhjjllnnpprrttvw
ddffhhjjllnnpprrtuuw
ddffhhjjllnnpprrtuvv
ddffhhjjllnnpprrtuvw
defghijklmnopqrsttvv
defghijklmnopqrsttvw
defghijklmnopqrstuuw
defghijklmnopqrstuvv
defghijklmnopqrstuvw
1152
vissivnynqadgxdgylkl
vissivnynqadgxdgylkm
vissivnynqadgxdgzlkl
vissivnynqadgxdgzlkm
vissivnynqadgxdhylkl
vistjwnyoqbdgxehylkm
vistjwnyoqbdgxehzljl
vistjwnyoqbdgxehzljm
vistjwnyoqbdgxehzlkl
vistjwnyoqbdgxehzlkm
1440
dsxfavvolohscdfhjujx
dsxfavvolohscdfhjujy
dsxfavvolohscdfhjukx
dsxfavvolohscdfhjuky
dsxfavvolohscdfiiukx
dsxfbvwolphtcegijtky
dsxfbvwolphtcegijujx
dsxfbvwolphtcegijujy
dsxfbvwolphtcegijukx
dsxfbvwolphtcegijuky
1440
gockcekmwuoyewyruqar
gockcekmwuoyewyruqas
gockcekmwuoyewyruqbr
gockcekmwuoyewyruqbs
gockcekmwuoyewyrvqar
gockdelmwupyfxzrvpbs
gockdelmwupyfxzrvqar
gockdelmwupyfxzrvqas
gockdelmwupyfxzrvqbr
gockdelmwupyfxzrvqbs
1200
upurliigyawgcprnkwcl
upurliigyawgcprnkwcm
upurliigyawgcprnkwdl
upurliigyawgcprnkwdm
upurliigyawgcprnkxcl
upvrlijgybwhcqsnkwdm
upvrlijgybwhcqsnkxcl
upvrlijgybwhcqsnkxcm
upvrlijgybwhcqsnkxdl
upvrlijgybwhcqsnkxdm
1500
kahcvrrkgmqehmvtxect
kahcvrrkgmqehmvtxecu
kahcvrrkgmqehmvtxedt
kahcvrrkgmqehmvtxedu
kahcvrrkgmqehmvtxfct
kbhcvrslgmqeinwtxedu
kbhcvrslgmqeinwtxfct
kbhcvrslgmqeinwtxfcu
kbhcvrslgmqeinwtxfdt
kbhcvrslgmqeinwtxfdu
1620
dadkfkthcthpxpxmjvom
dadkfkthcthpxpxmjvon
dadkfkthcthpxpymjvom
dadkfkthcthpxpymjvon
dadkfkthcthpxqxmjvom
dbekflthcuipxqymivon
dbekflthcuipxqymjuom
dbekflthcuipxqymjuon
dbekflthcuipxqymjvom
dbekflthcuipxqymjvon
1440
rtaywtjfrwvcjmycmof
rtaywtjfrwvcjmycmog
rtaywtjfrwvcjmycnnf
rtaywtjfrwvcjmycnng
rtaywtjfrwvcjmycnof
rtbywujfsxvckmzdmog
rtbywujfsxvckmzdnnf
rtbywujfsxvckmzdnng
rtbywujfsxvckmzdnof
rtbywujfsxvckmzdnog
1152
yyjecmrjggpcrluuatpe
yyjecmrjggpcrluuatpf
yyjecmrjggpcrluuatqe
yyjecmrjggpcrluuatqf
yyjecmrjggpcrluubtpe
yzjecmrkghpdsluvbsqf
yzjecmrkghpdsluvbtpe
yzjecmrkghpdsluvbtpf
yzjecmrkghpdsluvbtqe
yzjecmrkghpdsluvbtqf
1152
hecsslevalgxxhvcqjqp
hecsslevalgxxhvcqjrp
hecsslevalgxxhvdqjqp
hecsslevalgxxhvdqjrp
hecsslevalgxxhwcqjqp
hecstlfvbmgxyiwcqjrp
hecstlfvbmgxyiwdqiqp
hecstlfvbmgxyiwdqirp
hecstlfvbmgxyiwdqjqp
hecstlfvbmgxyiwdqjrp
1200
crmkcrgykvaemvyjtetx
crmkcrgykvaemvyjteux
crmkcrgykvaemvyjtftx
crmkcrgykvaemvyjtfux
crmkcrgykvaemvzjtetx
crmkdsgylvbenwzjteux
crmkdsgylvbenwzjtftw
crmkdsgylvbenwzjtftx
crmkdsgylvbenwzjtfuw
crmkdsgylvbenwzjtfux
1152
heoykhokyqxqatsetgnv
heoykhokyqxqatseugnu
heoykhokyqxqatseugnv
heoykhokyqxqatsftfnv
heoykhokyqxqatsftgnv
heoykiplzqxrbtsftgnv
heoykiplzqxrbtsfufnu
heoykiplzqxrbtsfufnv
heoykiplzqxrbtsfugnu
heoykiplzqxrbtsfugnv
1152
plnwnfdlwsspahjydcjh
plnwnfdlwsspahjydcji
plnwnfdlwsspahjydckh
plnwnfdlwsspahjydcki
plnwnfdlwsspahjyecjh
plnwofdmxstqbhjyebki
plnwofdmxstqbhjyecjh
plnwofdmxstqbhjyecji
plnwofdmxstqbhjyeckh
plnwofdmxstqbhjyecki
1458
rkvancvnrkxfipfhmiut
rkvancvnrkxfipfhmjut
rkvancvnrkxfipggmiut
rkvancvnrkxfipggmjut
rkvancvnrkxfipghmiut
rkvbncwoslxfipghljut
rkvbncwoslxfipghmius
rkvbncwoslxfipghmiut
rkvbncwoslxfipghmjus
rkvbncwoslxfipghmjut
1728
fvaqqmjtftovjyyolmsc
fvaqqmjtftovjyyolnsc
fvaqqmjtftovjyyplmsc
fvaqqmjtftovjyyplnsc
fvaqqmjtftovjyzolmsc
fvbqrmjtguowkyzplmsc
fvbqrmjtguowkyzplnrb
fvbqrmjtguowkyzplnrc
fvbqrmjtguowkyzplnsb
fvbqrmjtguowkyzplnsc
1500
irrakgcuuwwkpetcmepm
irrakgcuuwwkpetcmepn
irrakgcuuwwkpetcmeqm
irrakgcuuwwkpetcmeqn
irrakgcuuwwkpetcmfpm
irsbkgcuvwxlpetdmeqn
irsbkgcuvwxlpetdmfpm
irsbkgcuvwxlpetdmfpn
irsbkgcuvwxlpetdmfqm
irsbkgcuvwxlpetdmfqn
1024
mqkksyqofaiywsccomwe
mqkksyqofaiywsccomxe
mqkksyqofaiywscconwe
mqkksyqofaiywscconxe
mqkksyqofaiywsccpmwe
mqklsyrofbizwtcdpmxe
mqklsyrofbizwtcdpnwd
mqklsyrofbizwtcdpnwe
mqklsyrofbizwtcdpnxd
mqklsyrofbizwtcdpnxe
1152
ecygaiycvitpevxpgtnk
ecygaiycvitpevxpgunk
ecygaiycvitpevxphtnk
ecygaiycvitpevxphunk
ecygaiycvitpevxqgtnk
ecygbizdvjtpfwxqgunk
ecygbizdvjtpfwxqhtnj
ecygbizdvjtpfwxqhtnk
ecygbizdvjtpfwxqhunj
ecygbizdvjtpfwxqhunk
1280
mxktkhacrzrxvctvmfhf
mxktkhacrzrxvctvmfhg
mxktkhacrzrxvctvmfif
mxktkhacrzrxvctvmfig
mxktkhacrzrxvctvnfhf
mxktlhbcrzsyvduwmfig
mxktlhbcrzsyvduwnfhf
mxktlhbcrzsyvduwnfhg
mxktlhbcrzsyvduwnfif
mxktlhbcrzsyvduwnfig
1200
jowgsocwfsjlyaugucny
jowgsocwfsjlyaugucnz
jowgsocwfsjlyaugudny
jowgsocwfsjlyaugudnz
jowgsocwfsjlyaugvcny
jowgspcxftklybuhudnz
jowgspcxftklybuhvcny
jowgspcxftklybuhvcnz
jowgspcxftklybuhvdny
jowgspcxftklybuhvdnz
1080
ocsgciieksmygmuroaqu
ocsgciieksmygmuroaqv
ocsgciieksmygmurobqu
ocsgciieksmygmurobqv
ocsgciieksmygmurpapu
ocsgdijektmyhnurpaqv
ocsgdijektmyhnurpbpu
ocsgdijektmyhnurpbpv
ocsgdijektmyhnurpbqu
ocsgdijektmyhnurpbqv
1024
nlakxpsdidpfxilsnfh
nlakxpsdidpfxilsngg
nlakxpsdidpfxilsngh
nlakxpsdidpfxilsofh
nlakxpsdidpfxilsogg
nlbkxpsdieqfyjmtngg
nlbkxpsdieqfyjmtngh
nlbkxpsdieqfyjmtofh
nlbkxpsdieqfyjmtogg
nlbkxpsdieqfyjmtogh
1440
vqiyttmdmqdyivfxfka
vqiyttmdmqdyivfxfkb
vqiyttmdmqdyivfxgka
vqiyttmdmqdyivfxgkb
vqiyttmdmqdyiwfwfka
vqiytumdnrezjwfxfkb
vqiytumdnrezjwfxgja
vqiytumdnrezjwfxgjb
vqiytumdnrezjwfxgka
vqiytumdnrezjwfxgkb
1600
lagtiwgnrlicwcypytrn
lagtiwgnrlicwcypytro
lagtiwgnrlicwcypytsn
lagtiwgnrlicwcypytso
lagtiwgnrlicwcypyurn
lbgtiwhnrmjcxdypztso
lbgtiwhnrmjcxdypzurn
lbgtiwhnrmjcxdypzuro
lbgtiwhnrmjcxdypzusn
lbgtiwhnrmjcxdypzuso
1280
qqmazmsvkcfocsuveozk
qqmazmsvkcfocsuveozl
qqmazmsvkcfocsuvepzk
qqmazmsvkcfocsuvepzl
qqmazmsvkcfocsuweozk
qrmbznsvkcfodtuwdpzl
qrmbznsvkcfodtuweozk
qrmbznsvkcfodtuweozl
qrmbznsvkcfodtuwepzk
qrmbznsvkcfodtuwepzl
1152
umuwagcocgqkzosemsqi
umuwagcocgqkzosemsri
umuwagcocgqkzosemtqi
umuwagcocgqkzosemtri
umuwagcocgqkzosensqi
umvwbgcodhqkzpsensri
umvwbgcodhqkzpsentqh
umvwbgcodhqkzpsentqi
umvwbgcodhqkzpsentrh
umvwbgcodhqkzpsentri
1080
idannuwidwffuckyqq
idannuwidwffuckyqr
idannuwidwffvckyqq
idannuwidwffvckyqr
idannuwidwfguckyqq
idbnouwjexfgvcjyqr
idbnouwjexfgvckxqq
idbnouwjexfgvckxqr
idbnouwjexfgvckyqq
idbnouwjexfgvckyqr
1152
ekhsnskvhegxcxcvuqan
ekhsnskvhegxcxcvuqao
ekhsnskvhegxcxcvuqbn
ekhsnskvhegxcxcvuqbo
ekhsnskvhegxcxcwuqan
ekhsntlvifgxcydwtqbo
ekhsntlvifgxcydwuqan
ekhsntlvifgxcydwuqao
ekhsntlvifgxcydwuqbn
ekhsntlvifgxcydwuqbo
1080
krninxpkrmpccxuuawz
krninxpkrmpccxuubwz
krninxpkrmpccxuvavz
krninxpkrmpccxuvawz
krninxpkrmpccxuvbvz
krnioxplsmqcdyuvawz
krnioxplsmqcdyuvbvy
krnioxplsmqcdyuvbvz
krnioxplsmqcdyuvbwy
krnioxplsmqcdyuvbwz
1152
arfirftxtodlxinkodqv
arfirftxtodlxinkoeqv
arfirftxtodlxinkpdpv
arfirftxtodlxinkpdqv
arfirftxtodlxinkpepv
brfisgtxuodlyjnkpdqv
brfisgtxuodlyjnkpepu
brfisgtxuodlyjnkpepv
brfisgtxuodlyjnkpequ
brfisgtxuodlyjnkpeqv
3072
yrmamrtcfycokohfehkq
yrmamrtcfycokohfehlq
yrmamrtcfycokohfeikq
yrmamrtcfycokohfeilq
yrmamrtcfycokohgehkq
yrmbnstcfzdokphgehlq
yrmbnstcfzdokphgeikp
yrmbnstcfzdokphgeikq
yrmbnstcfzdokphgeilp
yrmbnstcfzdokphgeilq
3510
jqjldwaldtwcyfyqnstn
jqjldwaldtwcyfyqnsto
jqjldwaldtwcyfyqnsun
jqjldwaldtwcyfyqnsuo
jqjldwaldtwcyfyrnrtn
jqkldwbmetxcyfzrnruo
jqkldwbmetxcyfzrnstn
jqkldwbmetxcyfzrnsto
jqkldwbmetxcyfzrnsun
jqkldwbmetxcyfzrnsuo
3072
ekvrckvrxtmxzggaemco
ekvrckvrxtmxzggaemdo
ekvrckvrxtmxzggaencn
ekvrckvrxtmxzggaenco
ekvrckvrxtmxzggaendn
ekvrclwsxtmyzghbfmdo
ekvrclwsxtmyzghbfncn
ekvrclwsxtmyzghbfnco
ekvrclwsxtmyzghbfndn
ekvrclwsxtmyzghbfndo
3120
aentetqyggylnccqliip
aentetqyggylnccqlijp
aentetqyggylnccqmiip
aentetqyggylnccqmijp
aentetqyggylnccrliip
bentfuqyghzlocdrmhjp
bentfuqyghzlocdrmiio
bentfuqyghzlocdrmiip
bentfuqyghzlocdrmijo
bentfuqyghzlocdrmijp
3120
jugwagnjnccerlewuylr
jugwagnjnccerlewuyls
jugwagnjnccerlewuymr
jugwagnjnccerlewuyms
jugwagnjnccerlewvylr
jugwbhnkocderlfxvxms
jugwbhnkocderlfxvylr
jugwbhnkocderlfxvyls
jugwbhnkocderlfxvymr
jugwbhnkocderlfxvyms
3120
rfammrhhptftjdcvjpvd
rfammrhhptftjdcvjpve
rfammrhhptftjdcvjpwd
rfammrhhptftjdcvjpwe
rfammrhhptftjdcvjqvd
rfbmnshiptgujdcvkpwe
rfbmnshiptgujdcvkqvd
rfbmnshiptgujdcvkqve
rfbmnshiptgujdcvkqwd
rfbmnshiptgujdcvkqwe
3120
uxagppmxccrgmjjeelru
uxagppmxccrgmjjeelrv
uxagppmxccrgmjjeelsu
uxagppmxccrgmjjeelsv
uxagppmxccrgmjjeflru
uxbgpqmycdrhnjkefksv
uxbgpqmycdrhnjkeflru
uxbgpqmycdrhnjkeflrv
uxbgpqmycdrhnjkeflsu
uxbgpqmycdrhnjkeflsv
3328
mfotomqtdvjfvdaqxjsx
mfotomqtdvjfvdaqxjsy
mfotomqtdvjfvdaqxksx
mfotomqtdvjfvdaqxksy
mfotomqtdvjfvdarxjrx
mfotpnqudvjgwebrxjsy
mfotpnqudvjgwebrxkrx
mfotpnqudvjgwebrxkry
mfotpnqudvjgwebrxksx
mfotpnqudvjgwebrxksy
3360
acvhcehvoojtqjlqtlng
acvhcehvoojtqjlqtmmg
acvhcehvoojtqjlqtmng
acvhcehvoojtqjlqulng
acvhcehvoojtqjlqummg
bcvhdeiwopjtqklrtmmg
bcvhdeiwopjtqklrtmng
bcvhdeiwopjtqklrulng
bcvhdeiwopjtqklrummg
bcvhdeiwopjtqklrumng
3072
aiioctqoffqhmmtvcvex
aiioctqoffqhmmtvcwew
aiioctqoffqhmmtvcwex
aiioctqoffqhmmtvdvdx
aiioctqoffqhmmtvdvex
bijoctqpfgrhmnuvdvex
bijoctqpfgrhmnuvdwdw
bijoctqpfgrhmnuvdwdx
bijoctqpfgrhmnuvdwew
bijoctqpfgrhmnuvdwex
3200
vcvtxomokqtkxcmaeeqg
vcvtxomokqtkxcmaeerg
vcvtxomokqtkxcmaefqf
vcvtxomokqtkxcmaefqg
vcvtxomokqtkxcmaefrf
vcwtxompkqulydnbeerg
vcwtxompkqulydnbefqf
vcwtxompkqulydnbefqg
vcwtxompkqulydnbefrf
vcwtxompkqulydnbefrg
3120
pckpiscsaeuixuerxkgg
pckpiscsaeuixuerxkgh
pckpiscsaeuixuerxlgg
pckpiscsaeuixuerxlgh
pckpiscsaeuixuerykgg
pckqisdtbeujxvfrykgg
pckqisdtbeujxvfrykgh
pckqisdtbeujxvfrylfh
pckqisdtbeujxvfrylgg
pckqisdtbeujxvfrylgh
3120
wykgqagicoqscyweosek
wykgqagicoqscyweosel
wykgqagicoqscyweosfk
wykgqagicoqscyweosfl
wykgqagicoqscyweotek
wykgqbhicorsdzxepsfl
wykgqbhicorsdzxeptek
wykgqbhicorsdzxeptel
wykgqbhicorsdzxeptfk
wykgqbhicorsdzxeptfl
3328
lqjlagqgnssdnpdwuuwj
lqjlagqgnssdnpdwuuwk
lqjlagqgnssdnpdwuuxj
lqjlagqgnssdnpdwuuxk
lqjlagqgnssdnpdwuvwj
lqjmbgrhnstdopewuuxk
lqjmbgrhnstdopewuvwj
lqjmbgrhnstdopewuvwk
lqjmbgrhnstdopewuvxj
lqjmbgrhnstdopewuvxk
