80
136
2
19
103
6
3
20
4
11
37
6
8
1405
1507
1524
768
757
772
623
1331
1174
1217
575
545
490
584
2262
2352
2107
1129
908
1063
1063
2260
2290
2321
990
914
919
1211
2206
2464
2367
1014
1248
1077
912
1838
1967
1876
910
993
743
929
75613261
73132777
74990225
37101354
30433467
35967981
32489573
83563049
83468498
80774587
34919749
30648479
34945506
29855632
79739978
84209962
76333107
31124654
38542324
30583088
40093868
61586909
56814816
63586950
26957970
31213351
28974096
27828605
1512
1398
1582
71575456
70173974
71397413
74298137
76528691
71536902
39337041
40903167
4474
4360
4700
1378
918
2015
