19
103
7
16
4
16
4
29
37
9
1486
1540
1401
705
732
689
614
1235
1323
1244
508
576
531
520
2323
2102
2102
1119
1008
886
916
2172
2445
2433
1082
1051
1041
1107
2290
2172
2457
1062
1027
1151
1170
1974
1776
1953
904
893
961
824
73743523
70747009
69111247
38009250
36012617
32306743
35903823
83244735
82655666
83667294
31152241
36117048
33214025
37881570
83561021
82521543
89676806
41721464
39292029
35640137
39748466
65570934
63898814
60512588
26011949
28040185
30680728
28096888
1438
1584
1576
75547832
77802575
71446054
72243243
72369268
71016261
37278073
36386884
4653
4798
4280
1744
1201
1189
1340
3030
1140
